<?xml version="1.0" encoding="UTF-8"?>
<!-- Generated by org.testng.reporters.JUnitReportReporter -->
<testsuite skipped="0" hostname="LAPTOP-PMH17P5F" name="com.crm.qa.testcases.ContactsPageTest" tests="4" failures="0" timestamp="30 Jun 2020 19:16:59 GMT" time="198.836" errors="0">
  <testcase name="VerifyContactsLabel" time="44.558" classname="com.crm.qa.testcases.ContactsPageTest"/>
  <testcase name="SelectContactsTest" time="43.357" classname="com.crm.qa.testcases.ContactsPageTest"/>
  <testcase name="CreateNewContactTest" time="58.133" classname="com.crm.qa.testcases.ContactsPageTest"/>
  <testcase name="CreateNewContactTest" time="52.788" classname="com.crm.qa.testcases.ContactsPageTest"/>
</testsuite> <!-- com.crm.qa.testcases.ContactsPageTest -->
