<?xml version="1.0" encoding="UTF-8"?>
<!-- Generated by org.testng.reporters.JUnitReportReporter -->
<testsuite skipped="0" hostname="LAPTOP-PMH17P5F" name="com.crm.qa.testcases.LoginPageTest" tests="4" failures="0" timestamp="30 Jun 2020 19:29:05 GMT" time="91.195" errors="0">
  <testcase name="LoginPageTitleTest" time="14.543" classname="com.crm.qa.testcases.LoginPageTest"/>
  <testcase name="LoginPageCRMLogoTest" time="12.798" classname="com.crm.qa.testcases.LoginPageTest"/>
  <testcase name="LoginPageSignUpTest" time="15.045" classname="com.crm.qa.testcases.LoginPageTest"/>
  <testcase name="LoginVerificationTest" time="48.809" classname="com.crm.qa.testcases.LoginPageTest"/>
</testsuite> <!-- com.crm.qa.testcases.LoginPageTest -->
