<?xml version="1.0" encoding="UTF-8"?>
<!-- Generated by org.testng.reporters.JUnitReportReporter -->
<testsuite skipped="0" hostname="LAPTOP-PMH17P5F" name="com.crm.qa.testcases.HomePageTest" tests="4" failures="0" timestamp="30 Jun 2020 19:16:59 GMT" time="163.300" errors="0">
  <testcase name="HomePageTitleTest" time="36.917" classname="com.crm.qa.testcases.HomePageTest"/>
  <testcase name="HomePageUserLabelTest" time="42.265" classname="com.crm.qa.testcases.HomePageTest"/>
  <testcase name="VerifyContactsLinkTest" time="43.544" classname="com.crm.qa.testcases.HomePageTest"/>
  <testcase name="VerifyDealsLinkTest" time="40.574" classname="com.crm.qa.testcases.HomePageTest"/>
</testsuite> <!-- com.crm.qa.testcases.HomePageTest -->
